==== 01/08/2025 11:43:30,97 ==== 
From https://github.com/Fibonacci223/app_test
 * branch            master     -> FETCH_HEAD
Already up to date.
Aggiungo modifiche... 
warning: in the working copy of 'git-auto-20250731.log', LF will be replaced by CRLF the next time Git touches it
warning: in the working copy of 'git-auto-20250801.log', LF will be replaced by CRLF the next time Git touches it
Eseguo commit con messaggio: "Aggiornamento automatico - 01/08/2025 11:43:31,71" 
[master c195fa6] Aggiornamento automatico - 01/08/2025 11:43:31,71
 4 files changed, 193 insertions(+), 40 deletions(-)
 create mode 100644 git-auto-20250801.log
Pusho su master... 
To https://github.com/Fibonacci223/app_test.git
   beae2f8..c195fa6  master -> master
Operazione completata con successo! 
==== 01/08/2025 12:09:46,94 ==== 
From https://github.com/Fibonacci223/app_test
 * branch            master     -> FETCH_HEAD
Already up to date.
Aggiungo modifiche... 
warning: in the working copy of 'git-auto-20250801.log', LF will be replaced by CRLF the next time Git touches it
Eseguo commit con messaggio: "Aggiornamento automatico - 01/08/2025 12:09:47,47" 
[master fc86d57] Aggiornamento automatico - 01/08/2025 12:09:47,47
 2 files changed, 37 insertions(+), 7 deletions(-)
Pusho su master... 
To https://github.com/Fibonacci223/app_test.git
   c195fa6..fc86d57  master -> master
Operazione completata con successo! 
==== 01/08/2025 12:22:05,37 ==== 
From https://github.com/Fibonacci223/app_test
 * branch            master     -> FETCH_HEAD
Already up to date.
Aggiungo modifiche... 
