==== 02/08/2025  1:53:23,30 ==== 
From https://github.com/Fibonacci223/app_test
 * branch            master     -> FETCH_HEAD
Already up to date.
Aggiungo modifiche... 
warning: in the working copy of 'git-auto-20250801.log', LF will be replaced by CRLF the next time Git touches it
warning: in the working copy of 'git-auto-20250802.log', LF will be replaced by CRLF the next time Git touches it
Eseguo commit con messaggio: "Aggiornamento automatico - 02/08/2025  1:53:23,99" 
[master 955aa52] Aggiornamento automatico - 02/08/2025  1:53:23,99
 4 files changed, 317 insertions(+), 117 deletions(-)
 create mode 100644 git-auto-20250802.log
Pusho su master... 
To https://github.com/Fibonacci223/app_test.git
   06728b7..955aa52  master -> master
Operazione completata con successo! 
==== 02/08/2025  3:21:10,74 ==== 
From https://github.com/Fibonacci223/app_test
 * branch            master     -> FETCH_HEAD
Already up to date.
Aggiungo modifiche... 
