==== 05/08/2025  2:43:37,84 ==== 
From https://github.com/Fibonacci223/app_test
 * branch            master     -> FETCH_HEAD
Already up to date.
Aggiungo modifiche... 
warning: in the working copy of 'git-auto-20250804.log', LF will be replaced by CRLF the next time Git touches it
warning: in the working copy of 'git-auto-20250805.log', LF will be replaced by CRLF the next time Git touches it
Eseguo commit con messaggio: "Aggiornamento automatico - 05/08/2025  2:43:38,52" 
[master 3e24ad0] Aggiornamento automatico - 05/08/2025  2:43:38,52
 3 files changed, 103 insertions(+), 175 deletions(-)
 create mode 100644 git-auto-20250805.log
Pusho su master... 
To https://github.com/Fibonacci223/app_test.git
   36ccb56..3e24ad0  master -> master
Operazione completata con successo! 
==== 05/08/2025  2:53:31,85 ==== 
From https://github.com/Fibonacci223/app_test
 * branch            master     -> FETCH_HEAD
Already up to date.
Aggiungo modifiche... 
