==== 31/07/2025 19:26:14,21 ==== 
From https://github.com/Fibonacci223/app_test
 * branch            master     -> FETCH_HEAD
Already up to date.
Aggiungo modifiche... 
warning: in the working copy of 'git-auto-20250731.log', LF will be replaced by CRLF the next time Git touches it
Eseguo commit con messaggio: "Aggiornamento automatico - 31/07/2025 19:26:14,95" 
[master 6fbeefb] Aggiornamento automatico - 31/07/2025 19:26:14,95
 2 files changed, 6 insertions(+), 1 deletion(-)
 create mode 100644 git-auto-20250731.log
Pusho su master... 
To https://github.com/Fibonacci223/app_test.git
   3bfff44..6fbeefb  master -> master
Operazione completata con successo! 
==== 31/07/2025 20:55:26,35 ==== 
From https://github.com/Fibonacci223/app_test
 * branch            master     -> FETCH_HEAD
Already up to date.
Aggiungo modifiche... 
warning: in the working copy of 'git-auto-20250731.log', LF will be replaced by CRLF the next time Git touches it
Eseguo commit con messaggio: "Aggiornamento automatico - 31/07/2025 20:55:27,03" 
[master 4e29e86] Aggiornamento automatico - 31/07/2025 20:55:27,03
 2 files changed, 55 insertions(+), 8 deletions(-)
Pusho su master... 
To https://github.com/Fibonacci223/app_test.git
   6fbeefb..4e29e86  master -> master
Operazione completata con successo! 
==== 31/07/2025 21:51:52,92 ==== 
From https://github.com/Fibonacci223/app_test
 * branch            master     -> FETCH_HEAD
Already up to date.
Aggiungo modifiche... 
warning: in the working copy of 'git-auto-20250731.log', LF will be replaced by CRLF the next time Git touches it
Eseguo commit con messaggio: "Aggiornamento automatico - 31/07/2025 21:51:53,44" 
[master beae2f8] Aggiornamento automatico - 31/07/2025 21:51:53,44
 3 files changed, 484 insertions(+), 32 deletions(-)
 create mode 100644 file/Nuovo Documento di testo.txt
Pusho su master... 
To https://github.com/Fibonacci223/app_test.git
   4e29e86..beae2f8  master -> master
Operazione completata con successo! 
